<?xml version="1.0" encoding="UTF-8"?>
<!-- Generated by org.testng.reporters.JUnitReportReporter -->
<testsuite hostname="DESKTOP-A4U9TD3" failures="0" tests="4" name="Test.Day3" time="0.007" errors="0" timestamp="2020-05-25T09:44:02 IST" skipped="1">
  <testcase classname="Test.Day3" name="mobilesplash" time="0.001"/>
  <system-out/>
  <testcase classname="Test.Day3" name="mobilelogin" time="0.003"/>
  <system-out/>
  <testcase classname="Test.Day3" name="weblogin" time="0.003"/>
  <system-out/>
  <testcase classname="Test.Day3" name="mobilehomescreen">
    <skipped/>
  </testcase> <!-- mobilehomescreen -->
  <system-out/>
</testsuite> <!-- Test.Day3 -->
