<?xml version="1.0" encoding="UTF-8"?>
<!-- Generated by org.testng.reporters.JUnitReportReporter -->
<testsuite hostname="DESKTOP-A4U9TD3" failures="0" tests="2" name="Test.Day4" time="0.008" errors="0" timestamp="2020-05-25T09:44:02 IST" skipped="0">
  <testcase classname="Test.Day4" name="basicsmoke" time="0.005"/>
  <system-out/>
  <testcase classname="Test.Day4" name="plan" time="0.003"/>
  <system-out/>
</testsuite> <!-- Test.Day4 -->
