<?xml version="1.0" encoding="UTF-8"?>
<!-- Generated by org.testng.reporters.JUnitReportReporter -->
<testsuite hostname="DESKTOP-A4U9TD3" failures="0" tests="1" name="Test.BasicsClass1" time="0.014" errors="0" timestamp="2020-05-25T09:44:02 IST" skipped="0">
  <testcase classname="Test.BasicsClass1" name="demo" time="0.014"/>
  <system-out/>
</testsuite> <!-- Test.BasicsClass1 -->
